<?xml version="1.0" encoding="UTF-8"?>
<testng-results ignored="0" total="1" passed="1" failed="0" skipped="0">
  <reporter-output>
  </reporter-output>
  <suite started-at="2022-05-01T20:57:02 IST" name="Default suite" finished-at="2022-05-01T20:57:22 IST" duration-ms="20313">
    <groups>
    </groups>
    <test started-at="2022-05-01T20:57:02 IST" name="Default test" finished-at="2022-05-01T20:57:22 IST" duration-ms="20313">
      <class name="kdf.Application">
        <test-method signature="verifyInvalidLogin()[pri:0, instance:kdf.Application@50b5ac82]" started-at="2022-05-01T20:57:02 IST" name="verifyInvalidLogin" finished-at="2022-05-01T20:57:22 IST" duration-ms="20212" status="PASS">
          <reporter-output>
          </reporter-output>
        </test-method> <!-- verifyInvalidLogin -->
      </class> <!-- kdf.Application -->
    </test> <!-- Default test -->
  </suite> <!-- Default suite -->
</testng-results>
